<?xml version="1.0" encoding="UTF-8"?>
<testsuite name="lab0.Variant7Test" tests="44" skipped="0" failures="0" errors="0" timestamp="2023-01-04T15:43:59" hostname="DESKTOP-PHDPGCK" time="0.046">
  <properties/>
  <testcase name="NegativeInputIntegersToArrEx[0]([I@5386659f, [I@14028087)" classname="lab0.Variant7Test" time="0.003"/>
  <testcase name="NegativeInputIntegersToArrEx[1]([I@70ed52de, [I@496bc455)" classname="lab0.Variant7Test" time="0.001"/>
  <testcase name="NegativeInputIntegersToBoolEx[0](1, 2, 3, false)" classname="lab0.Variant7Test" time="0.005"/>
  <testcase name="NegativeInputIntegersToBoolEx[1](2, 1, 3, true)" classname="lab0.Variant7Test" time="0.0"/>
  <testcase name="NegativeInputIntegersToBoolEx[2](11, 44, 99, false)" classname="lab0.Variant7Test" time="0.0"/>
  <testcase name="NegativeInputIntegersToCaseEx[0](1, 1, 0)" classname="lab0.Variant7Test" time="0.001"/>
  <testcase name="NegativeInputIntegersToCaseEx[1](4, 1, 4000)" classname="lab0.Variant7Test" time="0.0"/>
  <testcase name="NegativeInputIntegersToCaseEx[2](5, 1, 10)" classname="lab0.Variant7Test" time="0.0"/>
  <testcase name="NegativeInputIntegersToForEx[0](1, 3, 7)" classname="lab0.Variant7Test" time="0.0"/>
  <testcase name="NegativeInputIntegersToForEx[1](1, 5, 16)" classname="lab0.Variant7Test" time="0.0"/>
  <testcase name="NegativeInputIntegersToForEx[2](1, 10, 56)" classname="lab0.Variant7Test" time="0.0"/>
  <testcase name="NegativeInputIntegersToIfEx[0](1, 2, 1)" classname="lab0.Variant7Test" time="0.0"/>
  <testcase name="NegativeInputIntegersToIfEx[1](2, 1, 2)" classname="lab0.Variant7Test" time="0.0"/>
  <testcase name="NegativeInputIntegersToIfEx[2](22, 44, 1)" classname="lab0.Variant7Test" time="0.0"/>
  <testcase name="NegativeInputIntegersToIntEx[0](56, [I@72bc6553)" classname="lab0.Variant7Test" time="0.0"/>
  <testcase name="NegativeInputIntegersToIntEx[1](10, [I@4bdeaabb)" classname="lab0.Variant7Test" time="0.001"/>
  <testcase name="NegativeInputIntegersToIntEx[2](22, [I@4d1bf319)" classname="lab0.Variant7Test" time="0.001"/>
  <testcase name="NegativeInputIntegersToMatrixEx[0]([[I@5c80cf32, 3, 3, 2, [I@7d900ecf)" classname="lab0.Variant7Test" time="0.0"/>
  <testcase name="NegativeInputIntegersToWhileEx[0](4, 4)" classname="lab0.Variant7Test" time="0.001"/>
  <testcase name="NegativeInputIntegersToWhileEx[1](16, 4)" classname="lab0.Variant7Test" time="0.0"/>
  <testcase name="NegativeInputIntegersToWhileEx[2](100, 10)" classname="lab0.Variant7Test" time="0.0"/>
  <testcase name="inputIntegersToArrEx[0]([I@5965d37, [I@7a5ceedd)" classname="lab0.Variant7Test" time="0.0"/>
  <testcase name="inputIntegersToArrEx[1]([I@5b799640, [I@6cb107fd)" classname="lab0.Variant7Test" time="0.0"/>
  <testcase name="inputIntegersToBoolEx[0](1, 2, 3, true)" classname="lab0.Variant7Test" time="0.0"/>
  <testcase name="inputIntegersToBoolEx[1](2, 1, 3, false)" classname="lab0.Variant7Test" time="0.0"/>
  <testcase name="inputIntegersToBoolEx[2](11, 44, 99, true)" classname="lab0.Variant7Test" time="0.0"/>
  <testcase name="inputIntegersToCaseEx[0](1, 1, 1)" classname="lab0.Variant7Test" time="0.0"/>
  <testcase name="inputIntegersToCaseEx[1](4, 1, 1000)" classname="lab0.Variant7Test" time="0.002"/>
  <testcase name="inputIntegersToCaseEx[2](5, 1, 100)" classname="lab0.Variant7Test" time="0.0"/>
  <testcase name="inputIntegersToCaseEx[3](5, 0.5, 50)" classname="lab0.Variant7Test" time="0.0"/>
  <testcase name="inputIntegersToForEx[0](10, 13, 46)" classname="lab0.Variant7Test" time="0.0"/>
  <testcase name="inputIntegersToForEx[1](1, 5, 15)" classname="lab0.Variant7Test" time="0.0"/>
  <testcase name="inputIntegersToForEx[2](1, 10, 55)" classname="lab0.Variant7Test" time="0.0"/>
  <testcase name="inputIntegersToIfEx[0](1, 2, 2)" classname="lab0.Variant7Test" time="0.0"/>
  <testcase name="inputIntegersToIfEx[1](2, 1, 1)" classname="lab0.Variant7Test" time="0.0"/>
  <testcase name="inputIntegersToIfEx[2](22, 44, 2)" classname="lab0.Variant7Test" time="0.0"/>
  <testcase name="inputIntegersToIntEx[0](56, [I@3ad83a66)" classname="lab0.Variant7Test" time="0.0"/>
  <testcase name="inputIntegersToIntEx[1](10, [I@17bffc17)" classname="lab0.Variant7Test" time="0.0"/>
  <testcase name="inputIntegersToIntEx[2](22, [I@15a34df2)" classname="lab0.Variant7Test" time="0.0"/>
  <testcase name="inputIntegersToMatrixEx[0]([[I@338fc1d8, 3, 3, 2, [I@4722ef0c)" classname="lab0.Variant7Test" time="0.0"/>
  <testcase name="inputIntegersToWhileEx[0](4, 3)" classname="lab0.Variant7Test" time="0.0"/>
  <testcase name="inputIntegersToWhileEx[1](16, 5)" classname="lab0.Variant7Test" time="0.0"/>
  <testcase name="inputIntegersToWhileEx[2](100, 11)" classname="lab0.Variant7Test" time="0.0"/>
  <testcase name="inputIntegersToWhileEx[3](3, 2)" classname="lab0.Variant7Test" time="0.001"/>
  <system-out><![CDATA[]]></system-out>
  <system-err><![CDATA[]]></system-err>
</testsuite>
